{
  "stats": {
    "suites": 10,
    "tests": 20,
    "passes": 20,
    "pending": 0,
    "failures": 0,
    "start": "2026-06-19T20:41:09.024Z",
    "end": "2026-06-19T20:41:11.184Z",
    "duration": 2160,
    "testsRegistered": 20,
    "passPercent": 100,
    "pendingPercent": 0,
    "other": 0,
    "hasOther": false,
    "skipped": 0,
    "hasSkipped": false
  },
  "results": [
    {
      "uuid": "bbf5a2c9-5682-4f20-8a7c-7227972f804e",
      "title": "",
      "fullFile": "",
      "file": "",
      "beforeHooks": [],
      "afterHooks": [],
      "tests": [],
      "suites": [
        {
          "uuid": "eab81842-49af-4a55-a0e8-485cae9d582a",
          "title": "CredentialAnchor",
          "fullFile": "C:\\Users\\Pharthiban\\Documents\\FYP\\idenvault-fyp-contracts\\test\\CredentialAnchor.test.ts",
          "file": "\\test\\CredentialAnchor.test.ts",
          "beforeHooks": [],
          "afterHooks": [],
          "tests": [],
          "suites": [
            {
              "uuid": "dd9f3058-40da-4683-a2c4-bcb18871c93d",
              "title": "anchorCredential()",
              "fullFile": "C:\\Users\\Pharthiban\\Documents\\FYP\\idenvault-fyp-contracts\\test\\CredentialAnchor.test.ts",
              "file": "\\test\\CredentialAnchor.test.ts",
              "beforeHooks": [],
              "afterHooks": [],
              "tests": [
                {
                  "title": "SC-CA-01: trusted issuer - credential stored on-chain and CredentialAnchored emitted",
                  "fullTitle": "CredentialAnchor anchorCredential() SC-CA-01: trusted issuer - credential stored on-chain and CredentialAnchored emitted",
                  "timedOut": false,
                  "duration": 1669,
                  "state": "passed",
                  "speed": "slow",
                  "pass": true,
                  "fail": false,
                  "pending": false,
                  "context": null,
                  "code": "const { anchor, issuer } = await (0, network_helpers_1.loadFixture)(deployFixture);\nconst refId = \"cred-001\";\nconst dataHash = hardhat_1.ethers.keccak256(hardhat_1.ethers.toUtf8Bytes(\"credential-data\"));\nawait (0, chai_1.expect)(anchor.connect(issuer).anchorCredential(refId, dataHash))\n    .to.emit(anchor, \"CredentialAnchored\")\n    .withArgs(refId, issuer.address, dataHash);\nconst cred = await anchor.credentials(refId);\n(0, chai_1.expect)(cred.issuer).to.equal(issuer.address);\n(0, chai_1.expect)(cred.dataHash).to.equal(dataHash);\n(0, chai_1.expect)(cred.issuedAt).to.be.greaterThan(0);\n(0, chai_1.expect)(cred.revoked).to.be.false;",
                  "err": {},
                  "uuid": "9da3d518-89f1-4a6d-98e4-2d899584f538",
                  "parentUUID": "dd9f3058-40da-4683-a2c4-bcb18871c93d",
                  "isHook": false,
                  "skipped": false
                },
                {
                  "title": "SC-CA-02: duplicate refId - reverts with 'Credential already exists'",
                  "fullTitle": "CredentialAnchor anchorCredential() SC-CA-02: duplicate refId - reverts with 'Credential already exists'",
                  "timedOut": false,
                  "duration": 26,
                  "state": "passed",
                  "speed": "fast",
                  "pass": true,
                  "fail": false,
                  "pending": false,
                  "context": null,
                  "code": "const { anchor, issuer } = await (0, network_helpers_1.loadFixture)(deployFixture);\nconst refId = \"cred-002\";\nconst dataHash = hardhat_1.ethers.keccak256(hardhat_1.ethers.toUtf8Bytes(\"credential-data\"));\nawait anchor.connect(issuer).anchorCredential(refId, dataHash);\nawait (0, chai_1.expect)(anchor.connect(issuer).anchorCredential(refId, dataHash)).to.be.revertedWith(\"Credential already exists\");",
                  "err": {},
                  "uuid": "14a70394-0b2c-4dd3-80b4-16448deb53a6",
                  "parentUUID": "dd9f3058-40da-4683-a2c4-bcb18871c93d",
                  "isHook": false,
                  "skipped": false
                },
                {
                  "title": "SC-CA-03: untrusted wallet - reverts with 'Not a trusted issuer'",
                  "fullTitle": "CredentialAnchor anchorCredential() SC-CA-03: untrusted wallet - reverts with 'Not a trusted issuer'",
                  "timedOut": false,
                  "duration": 13,
                  "state": "passed",
                  "speed": "fast",
                  "pass": true,
                  "fail": false,
                  "pending": false,
                  "context": null,
                  "code": "const { anchor, nonIssuer } = await (0, network_helpers_1.loadFixture)(deployFixture);\nconst refId = \"cred-003\";\nconst dataHash = hardhat_1.ethers.keccak256(hardhat_1.ethers.toUtf8Bytes(\"credential-data\"));\nawait (0, chai_1.expect)(anchor.connect(nonIssuer).anchorCredential(refId, dataHash)).to.be.revertedWith(\"Not a trusted issuer\");",
                  "err": {},
                  "uuid": "6a3463b5-a791-4638-948b-9239f7d80627",
                  "parentUUID": "dd9f3058-40da-4683-a2c4-bcb18871c93d",
                  "isHook": false,
                  "skipped": false
                }
              ],
              "suites": [],
              "passes": [
                "9da3d518-89f1-4a6d-98e4-2d899584f538",
                "14a70394-0b2c-4dd3-80b4-16448deb53a6",
                "6a3463b5-a791-4638-948b-9239f7d80627"
              ],
              "failures": [],
              "pending": [],
              "skipped": [],
              "duration": 1708,
              "root": false,
              "rootEmpty": false,
              "_timeout": 40000
            },
            {
              "uuid": "02c4553c-3418-4672-9a7c-9e69d1d252dc",
              "title": "batchAnchorCredentials()",
              "fullFile": "C:\\Users\\Pharthiban\\Documents\\FYP\\idenvault-fyp-contracts\\test\\CredentialAnchor.test.ts",
              "file": "\\test\\CredentialAnchor.test.ts",
              "beforeHooks": [],
              "afterHooks": [],
              "tests": [
                {
                  "title": "SC-CA-04: batch of 3 valid credentials - all stored on-chain and 3 CredentialAnchored events emitted",
                  "fullTitle": "CredentialAnchor batchAnchorCredentials() SC-CA-04: batch of 3 valid credentials - all stored on-chain and 3 CredentialAnchored events emitted",
                  "timedOut": false,
                  "duration": 80,
                  "state": "passed",
                  "speed": "slow",
                  "pass": true,
                  "fail": false,
                  "pending": false,
                  "context": null,
                  "code": "const { anchor, issuer } = await (0, network_helpers_1.loadFixture)(deployFixture);\nconst refIds = [\"batch-001\", \"batch-002\", \"batch-003\"];\nconst dataHashes = [\n    hardhat_1.ethers.keccak256(hardhat_1.ethers.toUtf8Bytes(\"data1\")),\n    hardhat_1.ethers.keccak256(hardhat_1.ethers.toUtf8Bytes(\"data2\")),\n    hardhat_1.ethers.keccak256(hardhat_1.ethers.toUtf8Bytes(\"data3\")),\n];\nconst tx = await anchor.connect(issuer).batchAnchorCredentials(refIds, dataHashes);\nconst receipt = await tx.wait();\n// Verify all 3 credentials are stored with correct values\nfor (let i = 0; i < refIds.length; i++) {\n    const cred = await anchor.credentials(refIds[i]);\n    (0, chai_1.expect)(cred.issuer).to.equal(issuer.address);\n    (0, chai_1.expect)(cred.dataHash).to.equal(dataHashes[i]);\n    (0, chai_1.expect)(cred.issuedAt).to.be.greaterThan(0);\n    (0, chai_1.expect)(cred.revoked).to.be.false;\n}\n// Verify exactly 3 CredentialAnchored events were emitted\nconst anchoredEvents = receipt.logs.filter((log) => {\n    try {\n        return (anchor.interface.parseLog({\n            topics: Array.from(log.topics),\n            data: log.data,\n        })?.name === \"CredentialAnchored\");\n    }\n    catch {\n        return false;\n    }\n});\n(0, chai_1.expect)(anchoredEvents.length).to.equal(3);",
                  "err": {},
                  "uuid": "31514373-a61c-4d9a-a7ac-b1c248fc59dd",
                  "parentUUID": "02c4553c-3418-4672-9a7c-9e69d1d252dc",
                  "isHook": false,
                  "skipped": false
                },
                {
                  "title": "SC-CA-05: mismatched array lengths - reverts with 'Arrays must be same length'",
                  "fullTitle": "CredentialAnchor batchAnchorCredentials() SC-CA-05: mismatched array lengths - reverts with 'Arrays must be same length'",
                  "timedOut": false,
                  "duration": 15,
                  "state": "passed",
                  "speed": "fast",
                  "pass": true,
                  "fail": false,
                  "pending": false,
                  "context": null,
                  "code": "const { anchor, issuer } = await (0, network_helpers_1.loadFixture)(deployFixture);\nconst refIds = [\"batch-001\", \"batch-002\"];\nconst dataHashes = [hardhat_1.ethers.keccak256(hardhat_1.ethers.toUtf8Bytes(\"data1\"))];\nawait (0, chai_1.expect)(anchor.connect(issuer).batchAnchorCredentials(refIds, dataHashes)).to.be.revertedWith(\"Arrays must be same length\");",
                  "err": {},
                  "uuid": "9728ba6b-8826-4c9b-811c-f5cbd87b1287",
                  "parentUUID": "02c4553c-3418-4672-9a7c-9e69d1d252dc",
                  "isHook": false,
                  "skipped": false
                },
                {
                  "title": "SC-CA-06: empty arrays - reverts with 'Empty batch'",
                  "fullTitle": "CredentialAnchor batchAnchorCredentials() SC-CA-06: empty arrays - reverts with 'Empty batch'",
                  "timedOut": false,
                  "duration": 9,
                  "state": "passed",
                  "speed": "fast",
                  "pass": true,
                  "fail": false,
                  "pending": false,
                  "context": null,
                  "code": "const { anchor, issuer } = await (0, network_helpers_1.loadFixture)(deployFixture);\nawait (0, chai_1.expect)(anchor.connect(issuer).batchAnchorCredentials([], [])).to.be.revertedWith(\"Empty batch\");",
                  "err": {},
                  "uuid": "878a31c9-b4f9-42ef-b601-6c9ef17ddd6e",
                  "parentUUID": "02c4553c-3418-4672-9a7c-9e69d1d252dc",
                  "isHook": false,
                  "skipped": false
                },
                {
                  "title": "SC-CA-07: 51 entries exceeds limit - reverts with 'Batch too large'",
                  "fullTitle": "CredentialAnchor batchAnchorCredentials() SC-CA-07: 51 entries exceeds limit - reverts with 'Batch too large'",
                  "timedOut": false,
                  "duration": 108,
                  "state": "passed",
                  "speed": "slow",
                  "pass": true,
                  "fail": false,
                  "pending": false,
                  "context": null,
                  "code": "const { anchor, issuer } = await (0, network_helpers_1.loadFixture)(deployFixture);\nconst refIds = Array.from({ length: 51 }, (_, i) => `cred-${i}`);\nconst dataHashes = Array.from({ length: 51 }, (_, i) => hardhat_1.ethers.keccak256(hardhat_1.ethers.toUtf8Bytes(`data-${i}`)));\nawait (0, chai_1.expect)(anchor.connect(issuer).batchAnchorCredentials(refIds, dataHashes)).to.be.revertedWith(\"Batch too large\");",
                  "err": {},
                  "uuid": "4dc0977a-eb7f-445a-90a5-8f22b949134c",
                  "parentUUID": "02c4553c-3418-4672-9a7c-9e69d1d252dc",
                  "isHook": false,
                  "skipped": false
                },
                {
                  "title": "BONUS: duplicate refId within same batch - reverts with 'Credential already exists'",
                  "fullTitle": "CredentialAnchor batchAnchorCredentials() BONUS: duplicate refId within same batch - reverts with 'Credential already exists'",
                  "timedOut": false,
                  "duration": 17,
                  "state": "passed",
                  "speed": "fast",
                  "pass": true,
                  "fail": false,
                  "pending": false,
                  "context": null,
                  "code": "const { anchor, issuer } = await (0, network_helpers_1.loadFixture)(deployFixture);\nconst hash = hardhat_1.ethers.keccak256(hardhat_1.ethers.toUtf8Bytes(\"data1\"));\nconst refIds = [\"cred-dup\", \"cred-dup\"];\nconst dataHashes = [hash, hash];\nawait (0, chai_1.expect)(anchor.connect(issuer).batchAnchorCredentials(refIds, dataHashes)).to.be.revertedWith(\"Credential already exists\");",
                  "err": {},
                  "uuid": "1002e37d-ea2e-4635-8208-6ce913de88b0",
                  "parentUUID": "02c4553c-3418-4672-9a7c-9e69d1d252dc",
                  "isHook": false,
                  "skipped": false
                }
              ],
              "suites": [],
              "passes": [
                "31514373-a61c-4d9a-a7ac-b1c248fc59dd",
                "9728ba6b-8826-4c9b-811c-f5cbd87b1287",
                "878a31c9-b4f9-42ef-b601-6c9ef17ddd6e",
                "4dc0977a-eb7f-445a-90a5-8f22b949134c",
                "1002e37d-ea2e-4635-8208-6ce913de88b0"
              ],
              "failures": [],
              "pending": [],
              "skipped": [],
              "duration": 229,
              "root": false,
              "rootEmpty": false,
              "_timeout": 40000
            },
            {
              "uuid": "06e6a5c3-ea3c-4049-a386-d2537463c911",
              "title": "revokeCredential()",
              "fullFile": "C:\\Users\\Pharthiban\\Documents\\FYP\\idenvault-fyp-contracts\\test\\CredentialAnchor.test.ts",
              "file": "\\test\\CredentialAnchor.test.ts",
              "beforeHooks": [],
              "afterHooks": [],
              "tests": [
                {
                  "title": "SC-CA-08: original issuer revokes - revoked flag set to true and CredentialRevoked emitted",
                  "fullTitle": "CredentialAnchor revokeCredential() SC-CA-08: original issuer revokes - revoked flag set to true and CredentialRevoked emitted",
                  "timedOut": false,
                  "duration": 38,
                  "state": "passed",
                  "speed": "medium",
                  "pass": true,
                  "fail": false,
                  "pending": false,
                  "context": null,
                  "code": "const { anchor, issuer } = await (0, network_helpers_1.loadFixture)(deployFixture);\nconst refId = \"cred-revoke\";\nconst dataHash = hardhat_1.ethers.keccak256(hardhat_1.ethers.toUtf8Bytes(\"credential-data\"));\nawait anchor.connect(issuer).anchorCredential(refId, dataHash);\nawait (0, chai_1.expect)(anchor.connect(issuer).revokeCredential(refId))\n    .to.emit(anchor, \"CredentialRevoked\")\n    .withArgs(refId, issuer.address);\nconst cred = await anchor.credentials(refId);\n(0, chai_1.expect)(cred.revoked).to.be.true;",
                  "err": {},
                  "uuid": "c3bbd574-c1dd-46c6-a327-76132c8ad43e",
                  "parentUUID": "06e6a5c3-ea3c-4049-a386-d2537463c911",
                  "isHook": false,
                  "skipped": false
                },
                {
                  "title": "SC-CA-09: different wallet attempts revocation - reverts with 'Not the issuer'",
                  "fullTitle": "CredentialAnchor revokeCredential() SC-CA-09: different wallet attempts revocation - reverts with 'Not the issuer'",
                  "timedOut": false,
                  "duration": 11,
                  "state": "passed",
                  "speed": "fast",
                  "pass": true,
                  "fail": false,
                  "pending": false,
                  "context": null,
                  "code": "const { anchor, issuer, nonIssuer } = await (0, network_helpers_1.loadFixture)(deployFixture);\nconst refId = \"cred-revoke-auth\";\nconst dataHash = hardhat_1.ethers.keccak256(hardhat_1.ethers.toUtf8Bytes(\"credential-data\"));\nawait anchor.connect(issuer).anchorCredential(refId, dataHash);\nawait (0, chai_1.expect)(anchor.connect(nonIssuer).revokeCredential(refId)).to.be.revertedWith(\"Not the issuer\");",
                  "err": {},
                  "uuid": "18a1a010-877b-4573-9fd5-b61d87a446d9",
                  "parentUUID": "06e6a5c3-ea3c-4049-a386-d2537463c911",
                  "isHook": false,
                  "skipped": false
                }
              ],
              "suites": [],
              "passes": [
                "c3bbd574-c1dd-46c6-a327-76132c8ad43e",
                "18a1a010-877b-4573-9fd5-b61d87a446d9"
              ],
              "failures": [],
              "pending": [],
              "skipped": [],
              "duration": 49,
              "root": false,
              "rootEmpty": false,
              "_timeout": 40000
            },
            {
              "uuid": "d4f05110-69dd-4d23-bb1a-aea45e6c2ef5",
              "title": "verifyCredential()",
              "fullFile": "C:\\Users\\Pharthiban\\Documents\\FYP\\idenvault-fyp-contracts\\test\\CredentialAnchor.test.ts",
              "file": "\\test\\CredentialAnchor.test.ts",
              "beforeHooks": [],
              "afterHooks": [],
              "tests": [
                {
                  "title": "SC-VC-01: correct hash on active credential - returns (valid: true, revoked: false, issuer: address)",
                  "fullTitle": "CredentialAnchor verifyCredential() SC-VC-01: correct hash on active credential - returns (valid: true, revoked: false, issuer: address)",
                  "timedOut": false,
                  "duration": 15,
                  "state": "passed",
                  "speed": "fast",
                  "pass": true,
                  "fail": false,
                  "pending": false,
                  "context": null,
                  "code": "const { anchor, issuer } = await (0, network_helpers_1.loadFixture)(deployFixture);\nconst refId = \"cred-verify-01\";\nconst dataHash = hardhat_1.ethers.keccak256(hardhat_1.ethers.toUtf8Bytes(\"credential-data\"));\nawait anchor.connect(issuer).anchorCredential(refId, dataHash);\nconst [valid, revoked, returnedIssuer] = await anchor.verifyCredential(refId, dataHash);\n(0, chai_1.expect)(valid).to.be.true;\n(0, chai_1.expect)(revoked).to.be.false;\n(0, chai_1.expect)(returnedIssuer).to.equal(issuer.address);",
                  "err": {},
                  "uuid": "e2fb3a70-334d-45db-b301-529fc52daf1d",
                  "parentUUID": "d4f05110-69dd-4d23-bb1a-aea45e6c2ef5",
                  "isHook": false,
                  "skipped": false
                },
                {
                  "title": "SC-VC-02: correct hash on revoked credential - returns (valid: true, revoked: true, issuer: address)",
                  "fullTitle": "CredentialAnchor verifyCredential() SC-VC-02: correct hash on revoked credential - returns (valid: true, revoked: true, issuer: address)",
                  "timedOut": false,
                  "duration": 18,
                  "state": "passed",
                  "speed": "fast",
                  "pass": true,
                  "fail": false,
                  "pending": false,
                  "context": null,
                  "code": "const { anchor, issuer } = await (0, network_helpers_1.loadFixture)(deployFixture);\nconst refId = \"cred-verify-02\";\nconst dataHash = hardhat_1.ethers.keccak256(hardhat_1.ethers.toUtf8Bytes(\"credential-data\"));\nawait anchor.connect(issuer).anchorCredential(refId, dataHash);\nawait anchor.connect(issuer).revokeCredential(refId);\nconst [valid, revoked, returnedIssuer] = await anchor.verifyCredential(refId, dataHash);\n// Hash still matches the stored hash, so valid is true\n// But the credential has been revoked, so revoked is also true\n(0, chai_1.expect)(valid).to.be.true;\n(0, chai_1.expect)(revoked).to.be.true;\n(0, chai_1.expect)(returnedIssuer).to.equal(issuer.address);",
                  "err": {},
                  "uuid": "6424b82c-2d5a-447d-9a5d-94c341c8ee2e",
                  "parentUUID": "d4f05110-69dd-4d23-bb1a-aea45e6c2ef5",
                  "isHook": false,
                  "skipped": false
                },
                {
                  "title": "SC-VC-03: wrong hash on active credential - returns (valid: false, revoked: false, issuer: address)",
                  "fullTitle": "CredentialAnchor verifyCredential() SC-VC-03: wrong hash on active credential - returns (valid: false, revoked: false, issuer: address)",
                  "timedOut": false,
                  "duration": 16,
                  "state": "passed",
                  "speed": "fast",
                  "pass": true,
                  "fail": false,
                  "pending": false,
                  "context": null,
                  "code": "const { anchor, issuer } = await (0, network_helpers_1.loadFixture)(deployFixture);\nconst refId = \"cred-verify-03\";\nconst dataHash = hardhat_1.ethers.keccak256(hardhat_1.ethers.toUtf8Bytes(\"credential-data\"));\nconst wrongHash = hardhat_1.ethers.keccak256(hardhat_1.ethers.toUtf8Bytes(\"tampered-data\"));\nawait anchor.connect(issuer).anchorCredential(refId, dataHash);\nconst [valid, revoked, returnedIssuer] = await anchor.verifyCredential(refId, wrongHash);\n(0, chai_1.expect)(valid).to.be.false;\n(0, chai_1.expect)(revoked).to.be.false;\n(0, chai_1.expect)(returnedIssuer).to.equal(issuer.address);",
                  "err": {},
                  "uuid": "c749d4e8-3bbd-495f-b38a-76a0cc3d38fd",
                  "parentUUID": "d4f05110-69dd-4d23-bb1a-aea45e6c2ef5",
                  "isHook": false,
                  "skipped": false
                },
                {
                  "title": "SC-VC-04: non-existent refId - returns (valid: false, revoked: false, issuer: zero address)",
                  "fullTitle": "CredentialAnchor verifyCredential() SC-VC-04: non-existent refId - returns (valid: false, revoked: false, issuer: zero address)",
                  "timedOut": false,
                  "duration": 13,
                  "state": "passed",
                  "speed": "fast",
                  "pass": true,
                  "fail": false,
                  "pending": false,
                  "context": null,
                  "code": "const { anchor } = await (0, network_helpers_1.loadFixture)(deployFixture);\nconst [valid, revoked, returnedIssuer] = await anchor.verifyCredential(\"non-existent-ref\", hardhat_1.ethers.keccak256(hardhat_1.ethers.toUtf8Bytes(\"any-data\")));\n(0, chai_1.expect)(valid).to.be.false;\n(0, chai_1.expect)(revoked).to.be.false;\n(0, chai_1.expect)(returnedIssuer).to.equal(hardhat_1.ethers.ZeroAddress);",
                  "err": {},
                  "uuid": "516778a8-1118-422e-8304-a88908c03a8b",
                  "parentUUID": "d4f05110-69dd-4d23-bb1a-aea45e6c2ef5",
                  "isHook": false,
                  "skipped": false
                }
              ],
              "suites": [],
              "passes": [
                "e2fb3a70-334d-45db-b301-529fc52daf1d",
                "6424b82c-2d5a-447d-9a5d-94c341c8ee2e",
                "c749d4e8-3bbd-495f-b38a-76a0cc3d38fd",
                "516778a8-1118-422e-8304-a88908c03a8b"
              ],
              "failures": [],
              "pending": [],
              "skipped": [],
              "duration": 62,
              "root": false,
              "rootEmpty": false,
              "_timeout": 40000
            }
          ],
          "passes": [],
          "failures": [],
          "pending": [],
          "skipped": [],
          "duration": 0,
          "root": false,
          "rootEmpty": false,
          "_timeout": 40000
        },
        {
          "uuid": "4d09ae81-c2b3-466e-8d07-089f96b2a42f",
          "title": "IssuerRegistry",
          "fullFile": "C:\\Users\\Pharthiban\\Documents\\FYP\\idenvault-fyp-contracts\\test\\IssuerRegistry.test.ts",
          "file": "\\test\\IssuerRegistry.test.ts",
          "beforeHooks": [],
          "afterHooks": [],
          "tests": [],
          "suites": [
            {
              "uuid": "431e4084-211b-42c8-a969-bb760d3e9b0e",
              "title": "registerIssuer()",
              "fullFile": "C:\\Users\\Pharthiban\\Documents\\FYP\\idenvault-fyp-contracts\\test\\IssuerRegistry.test.ts",
              "file": "\\test\\IssuerRegistry.test.ts",
              "beforeHooks": [],
              "afterHooks": [],
              "tests": [
                {
                  "title": "SC-IR-01: admin wallet registers issuer - isIssuerTrusted returns true and IssuerRegistered emitted",
                  "fullTitle": "IssuerRegistry registerIssuer() SC-IR-01: admin wallet registers issuer - isIssuerTrusted returns true and IssuerRegistered emitted",
                  "timedOut": false,
                  "duration": 39,
                  "state": "passed",
                  "speed": "medium",
                  "pass": true,
                  "fail": false,
                  "pending": false,
                  "context": null,
                  "code": "const { registry, issuer } = await (0, network_helpers_1.loadFixture)(deployFixture);\nawait (0, chai_1.expect)(registry.registerIssuer(issuer.address))\n    .to.emit(registry, \"IssuerRegistered\")\n    .withArgs(issuer.address);\n(0, chai_1.expect)(await registry.isIssuerTrusted(issuer.address)).to.be.true;",
                  "err": {},
                  "uuid": "5c95bbdf-57e2-4baf-b67b-51d4c292824d",
                  "parentUUID": "431e4084-211b-42c8-a969-bb760d3e9b0e",
                  "isHook": false,
                  "skipped": false
                },
                {
                  "title": "SC-IR-03: non-admin wallet call reverts with 'Not admin'",
                  "fullTitle": "IssuerRegistry registerIssuer() SC-IR-03: non-admin wallet call reverts with 'Not admin'",
                  "timedOut": false,
                  "duration": 8,
                  "state": "passed",
                  "speed": "fast",
                  "pass": true,
                  "fail": false,
                  "pending": false,
                  "context": null,
                  "code": "const { registry, issuer, nonAdmin } = await (0, network_helpers_1.loadFixture)(deployFixture);\nawait (0, chai_1.expect)(registry.connect(nonAdmin).registerIssuer(issuer.address)).to.be.revertedWith(\"Not admin\");",
                  "err": {},
                  "uuid": "09b9fd17-5ded-4398-bc51-b3555ebc1869",
                  "parentUUID": "431e4084-211b-42c8-a969-bb760d3e9b0e",
                  "isHook": false,
                  "skipped": false
                }
              ],
              "suites": [],
              "passes": [
                "5c95bbdf-57e2-4baf-b67b-51d4c292824d",
                "09b9fd17-5ded-4398-bc51-b3555ebc1869"
              ],
              "failures": [],
              "pending": [],
              "skipped": [],
              "duration": 47,
              "root": false,
              "rootEmpty": false,
              "_timeout": 40000
            },
            {
              "uuid": "fe438e4d-9e74-47d9-a584-0f1e6d9fecd4",
              "title": "revokeIssuer()",
              "fullFile": "C:\\Users\\Pharthiban\\Documents\\FYP\\idenvault-fyp-contracts\\test\\IssuerRegistry.test.ts",
              "file": "\\test\\IssuerRegistry.test.ts",
              "beforeHooks": [],
              "afterHooks": [],
              "tests": [
                {
                  "title": "SC-IR-02: admin wallet revokes issuer - isIssuerTrusted returns false and IssuerRevoked emitted",
                  "fullTitle": "IssuerRegistry revokeIssuer() SC-IR-02: admin wallet revokes issuer - isIssuerTrusted returns false and IssuerRevoked emitted",
                  "timedOut": false,
                  "duration": 18,
                  "state": "passed",
                  "speed": "fast",
                  "pass": true,
                  "fail": false,
                  "pending": false,
                  "context": null,
                  "code": "const { registry, issuer } = await (0, network_helpers_1.loadFixture)(deployFixture);\nawait registry.registerIssuer(issuer.address);\nawait (0, chai_1.expect)(registry.revokeIssuer(issuer.address))\n    .to.emit(registry, \"IssuerRevoked\")\n    .withArgs(issuer.address);\n(0, chai_1.expect)(await registry.isIssuerTrusted(issuer.address)).to.be.false;",
                  "err": {},
                  "uuid": "ddd565fe-62fc-49d2-8a5b-87504d61c297",
                  "parentUUID": "fe438e4d-9e74-47d9-a584-0f1e6d9fecd4",
                  "isHook": false,
                  "skipped": false
                },
                {
                  "title": "SC-IR-04: non-admin wallet call reverts with 'Not admin'",
                  "fullTitle": "IssuerRegistry revokeIssuer() SC-IR-04: non-admin wallet call reverts with 'Not admin'",
                  "timedOut": false,
                  "duration": 8,
                  "state": "passed",
                  "speed": "fast",
                  "pass": true,
                  "fail": false,
                  "pending": false,
                  "context": null,
                  "code": "const { registry, issuer, nonAdmin } = await (0, network_helpers_1.loadFixture)(deployFixture);\nawait registry.registerIssuer(issuer.address);\nawait (0, chai_1.expect)(registry.connect(nonAdmin).revokeIssuer(issuer.address)).to.be.revertedWith(\"Not admin\");",
                  "err": {},
                  "uuid": "2180aeef-a5b6-4e6c-9f7b-c652744d67dc",
                  "parentUUID": "fe438e4d-9e74-47d9-a584-0f1e6d9fecd4",
                  "isHook": false,
                  "skipped": false
                }
              ],
              "suites": [],
              "passes": [
                "ddd565fe-62fc-49d2-8a5b-87504d61c297",
                "2180aeef-a5b6-4e6c-9f7b-c652744d67dc"
              ],
              "failures": [],
              "pending": [],
              "skipped": [],
              "duration": 26,
              "root": false,
              "rootEmpty": false,
              "_timeout": 40000
            },
            {
              "uuid": "68ae76d6-503f-44e3-ac0a-bf79bdf80a4b",
              "title": "isIssuerTrusted()",
              "fullFile": "C:\\Users\\Pharthiban\\Documents\\FYP\\idenvault-fyp-contracts\\test\\IssuerRegistry.test.ts",
              "file": "\\test\\IssuerRegistry.test.ts",
              "beforeHooks": [],
              "afterHooks": [],
              "tests": [
                {
                  "title": "SC-IR-05: never-registered address returns false",
                  "fullTitle": "IssuerRegistry isIssuerTrusted() SC-IR-05: never-registered address returns false",
                  "timedOut": false,
                  "duration": 2,
                  "state": "passed",
                  "speed": "fast",
                  "pass": true,
                  "fail": false,
                  "pending": false,
                  "context": null,
                  "code": "const { registry, nonAdmin } = await (0, network_helpers_1.loadFixture)(deployFixture);\n(0, chai_1.expect)(await registry.isIssuerTrusted(nonAdmin.address)).to.be.false;",
                  "err": {},
                  "uuid": "be37deb0-6489-495d-82f7-daaafe0ef8d4",
                  "parentUUID": "68ae76d6-503f-44e3-ac0a-bf79bdf80a4b",
                  "isHook": false,
                  "skipped": false
                }
              ],
              "suites": [],
              "passes": [
                "be37deb0-6489-495d-82f7-daaafe0ef8d4"
              ],
              "failures": [],
              "pending": [],
              "skipped": [],
              "duration": 2,
              "root": false,
              "rootEmpty": false,
              "_timeout": 40000
            },
            {
              "uuid": "0c10bc48-388e-44a9-9113-75bb52b67025",
              "title": "Re-registration lifecycle",
              "fullFile": "C:\\Users\\Pharthiban\\Documents\\FYP\\idenvault-fyp-contracts\\test\\IssuerRegistry.test.ts",
              "file": "\\test\\IssuerRegistry.test.ts",
              "beforeHooks": [],
              "afterHooks": [],
              "tests": [
                {
                  "title": "SC-IR-06: register then revoke then re-register - final state is trusted",
                  "fullTitle": "IssuerRegistry Re-registration lifecycle SC-IR-06: register then revoke then re-register - final state is trusted",
                  "timedOut": false,
                  "duration": 11,
                  "state": "passed",
                  "speed": "fast",
                  "pass": true,
                  "fail": false,
                  "pending": false,
                  "context": null,
                  "code": "const { registry, issuer } = await (0, network_helpers_1.loadFixture)(deployFixture);\nawait registry.registerIssuer(issuer.address);\n(0, chai_1.expect)(await registry.isIssuerTrusted(issuer.address)).to.be.true;\nawait registry.revokeIssuer(issuer.address);\n(0, chai_1.expect)(await registry.isIssuerTrusted(issuer.address)).to.be.false;\nawait registry.registerIssuer(issuer.address);\n(0, chai_1.expect)(await registry.isIssuerTrusted(issuer.address)).to.be.true;",
                  "err": {},
                  "uuid": "b3ba7084-e44a-41ed-bab7-17caa99ebedf",
                  "parentUUID": "0c10bc48-388e-44a9-9113-75bb52b67025",
                  "isHook": false,
                  "skipped": false
                }
              ],
              "suites": [],
              "passes": [
                "b3ba7084-e44a-41ed-bab7-17caa99ebedf"
              ],
              "failures": [],
              "pending": [],
              "skipped": [],
              "duration": 11,
              "root": false,
              "rootEmpty": false,
              "_timeout": 40000
            }
          ],
          "passes": [],
          "failures": [],
          "pending": [],
          "skipped": [],
          "duration": 0,
          "root": false,
          "rootEmpty": false,
          "_timeout": 40000
        }
      ],
      "passes": [],
      "failures": [],
      "pending": [],
      "skipped": [],
      "duration": 0,
      "root": true,
      "rootEmpty": true,
      "_timeout": 40000
    }
  ],
  "meta": {
    "mocha": {
      "version": "10.8.2"
    },
    "mochawesome": {
      "options": {
        "quiet": false,
        "reportFilename": "test-report",
        "saveHtml": true,
        "saveJson": true,
        "consoleReporter": "spec",
        "useInlineDiffs": false,
        "code": true
      },
      "version": "7.1.4"
    },
    "marge": {
      "options": {
        "reportDir": "test-results",
        "reportFilename": "test-report",
        "quiet": false,
        "overwrite": true
      },
      "version": "6.3.2"
    }
  }
}